<?xml version="1.0" encoding="UTF-8"?>
<Site BuildName="(empty)"
	BuildStamp="20241130-0722-Experimental"
	Name="(empty)"
	Generator="ctest-3.22.1"
	CompilerName=""
	CompilerVersion=""
	OSName="Linux"
	Hostname="porphyriacus-ASUS-TUF-Gaming-A15-FA507NU-FA507NU"
	OSRelease="6.8.0-49-generic"
	OSVersion="#49~22.04.1-Ubuntu SMP PREEMPT_DYNAMIC Wed Nov  6 17:42:15 UTC 2"
	OSPlatform="x86_64"
	Is64Bits="1"
	VendorString="AuthenticAMD"
	VendorID="Advanced Micro Devices"
	FamilyID="25"
	ModelID="68"
	ProcessorCacheSize="512"
	NumberOfLogicalCPU="12"
	NumberOfPhysicalCPU="6"
	TotalVirtualMemory="1988"
	TotalPhysicalMemory="15228"
	LogicalProcessorsPerPhysical="2"
	ProcessorClockFrequency="4590.82"
	>
	<Testing>
		<StartDateTime>Nov 30 10:22 MSK</StartDateTime>
		<StartTestTime>1732951344</StartTestTime>
		<TestList/>
		<EndDateTime>Nov 30 10:22 MSK</EndDateTime>
		<EndTestTime>1732951344</EndTestTime>
		<ElapsedMinutes>0</ElapsedMinutes>
	</Testing>
</Site>
